Arguments: 
  /home/dev/.asdf/installs/nodejs/18.0.0/bin/node /home/dev/.asdf/installs/yarn/1.22.18/bin/yarn.js test

PATH: 
  /home/dev/.asdf/plugins/nodejs/shims:/home/dev/.asdf/installs/nodejs/18.0.0/.npm/bin:/home/dev/.asdf/installs/nodejs/18.0.0/bin:/home/dev/.asdf/installs/yarn/1.22.18/bin:/home/dev/local/cargo/bin:/home/dev/.asdf/shims:/home/dev/.asdf/bin:/home/dev/bin:/usr/local/sbin:/usr/local/bin:/usr/sbin:/usr/bin:/sbin:/bin

Yarn version: 
  1.22.18

Node version: 
  18.0.0

Platform: 
  linux arm64

Trace: 
  SyntaxError: /home/dev/work/slang/tools/parser/package.json: Unexpected token / in JSON at position 128
      at JSON.parse (<anonymous>)
      at /home/dev/.asdf/installs/yarn/1.22.18/lib/cli.js:1625:59
      at Generator.next (<anonymous>)
      at step (/home/dev/.asdf/installs/yarn/1.22.18/lib/cli.js:310:30)
      at /home/dev/.asdf/installs/yarn/1.22.18/lib/cli.js:321:13

npm manifest: 
  {
    "scripts": {
      "test": "yarn extract:ebnf ; cargo run -- ./grammar.ebnf grammars/ebnf/generate.yml; rm grammar.ebnf",
      // "gen": "yarn extract:ebnf ; (cargo run -- ./grammar.ebnf grammars/ebnf/generate.yml > tmp.rs && mv tmp.rs src/parser.rs); rm grammar.ebnf",
      "extract:ebnf": "cat grammars/ebnf/grammar.md | codedown ebnf > grammar.ebnf"
    },
    "devDependencies": {
      "codedown": "^2.2.0"
    }
  }

yarn manifest: 
  No manifest

Lockfile: 
  # THIS IS AN AUTOGENERATED FILE. DO NOT EDIT THIS FILE DIRECTLY.
  # yarn lockfile v1
  
  
  balanced-match@^1.0.0:
    version "1.0.2"
    resolved "https://registry.yarnpkg.com/balanced-match/-/balanced-match-1.0.2.tgz#e83e3a7e3f300b34cb9d87f615fa0cbf357690ee"
    integrity sha512-3oSeUO0TMV67hN1AmbXsK4yaqU7tjiHlbxRDZOpH0KW9+CeX4bRAaX0Anxt0tx2MrpRpWwQaPwIlISEJhYU5Pw==
  
  brace-expansion@^1.1.7:
    version "1.1.11"
    resolved "https://registry.yarnpkg.com/brace-expansion/-/brace-expansion-1.1.11.tgz#3c7fcbf529d87226f3d2f52b966ff5271eb441dd"
    integrity sha512-iCuPHDFgrHX7H2vEI/5xpz07zSHB00TpugqhmYtVmMO6518mCuRMoOYFldEBl0g187ufozdaHgWKcYFb61qGiA==
    dependencies:
      balanced-match "^1.0.0"
      concat-map "0.0.1"
  
  codedown@^2.2.0:
    version "2.2.0"
    resolved "https://registry.yarnpkg.com/codedown/-/codedown-2.2.0.tgz#e5a867610c596bcd08fc8704621bebd87e559c8a"
    integrity sha512-T9eVNIKJ9TzaSfQeJnSdPsQglHZokGEbJ8JCu2c32T837smgO90Z9pbkP5TCsUHIM2oYJaW5Z6og9IhT1B7zKw==
    dependencies:
      marked "4.0.6"
      minimatch "3.0.4"
      readline "1.3.0"
  
  concat-map@0.0.1:
    version "0.0.1"
    resolved "https://registry.yarnpkg.com/concat-map/-/concat-map-0.0.1.tgz#d8a96bd77fd68df7793a73036a3ba0d5405d477b"
    integrity sha1-2Klr13/Wjfd5OnMDajug1UBdR3s=
  
  marked@4.0.6:
    version "4.0.6"
    resolved "https://registry.yarnpkg.com/marked/-/marked-4.0.6.tgz#cd199503102b6807354f00574348d41ad4fd25d2"
    integrity sha512-+H0bTf8DM8zLuFBUm/2VklxaCrwlBFgoJzHJcMZCnZ9cPgsllHwKpL6TPLdDeA38yPluMuVKOL1hO5w6HmG5Mg==
  
  minimatch@3.0.4:
    version "3.0.4"
    resolved "https://registry.yarnpkg.com/minimatch/-/minimatch-3.0.4.tgz#5166e286457f03306064be5497e8dbb0c3d32083"
    integrity sha512-yJHVQEhyqPLUTgt9B83PXu6W3rx4MvvHvSUvToogpwoGDOUQ+yDrR0HRot+yOCdCO7u4hX3pWft6kWBBcqh0UA==
    dependencies:
      brace-expansion "^1.1.7"
  
  readline@1.3.0:
    version "1.3.0"
    resolved "https://registry.yarnpkg.com/readline/-/readline-1.3.0.tgz#c580d77ef2cfc8752b132498060dc9793a7ac01c"
    integrity sha1-xYDXfvLPyHUrEySYBg3JeTp6wBw=
